<?xml version="1.0" encoding="UTF-8" ?>
<testsuite tests="13" failures="0" name="TestDecode.TestDecode" time="0.199" errors="0" skipped="0">
  <properties>
[...]
</properties>
  <testcase classname="TestDecode.TestDecode" name="testEncoding" time="0.103"/>
  <testcase classname="TestDecode.TestDecode" name="testPiecesSize" time="0.024"/>
  <testcase classname="TestDecode.TestDecode" name="testDate" time="0"/>
  <testcase classname="TestDecode.TestDecode" name="testName" time="0"/>
  <testcase classname="TestDecode.TestDecode" name="testPublisherUrl" time="0.018"/>
  <testcase classname="TestDecode.TestDecode" name="testPrivate" time="0"/>
  <testcase classname="TestDecode.TestDecode" name="testFileSile" time="0.011"/>
  <testcase classname="TestDecode.TestDecode" name="testAnnounce" time="0.002"/>
  <testcase classname="TestDecode.TestDecode" name="testComment" time="0.01"/>
  <testcase classname="TestDecode.TestDecode" name="testInfoHash" time="0.006"/>
  <testcase classname="TestDecode.TestDecode" name="testAnnounceList" time="0.003"/>
  <testcase classname="TestDecode.TestDecode" name="testCreatedBy" time="0.022"/>
  <testcase classname="TestDecode.TestDecode" name="testPublisher" time="0"/>
</testsuite>